{
  "0 debug pnpm:scope": {
    "selected": 1,
    "total": 3,
    "workspacePrefix": "/Users/xiaran/source/smarty-admin"
  },
  "1 debug pnpm:package-manifest": {
    "initial": {
      "name": "@smarty-admim/ui",
      "version": "1.0.0",
      "main": "index.js",
      "scripts": {
        "test": "echo \"Error: no test specified\" && exit 1"
      },
      "author": "",
      "license": "ISC",
      "description": ""
    },
    "prefix": "/Users/xiaran/source/smarty-admin/packages/ui"
  },
  "2 debug pnpm:package-manifest": {
    "initial": {
      "name": "@smarty-admin",
      "version": "1.0.0",
      "description": "",
      "main": "index.js",
      "scripts": {
        "preinstall": "node ./scripts/preinstall.js"
      },
      "repository": {
        "type": "git",
        "url": "git+https://github.com/su37josephxia/smarty-admin.git"
      },
      "author": "",
      "license": "ISC",
      "bugs": {
        "url": "https://github.com/su37josephxia/smarty-admin/issues"
      },
      "homepage": "https://github.com/su37josephxia/smarty-admin#readme"
    },
    "prefix": "/Users/xiaran/source/smarty-admin"
  },
  "3 debug pnpm:context": {
    "currentLockfileExists": true,
    "storeDir": "/Users/xiaran/.pnpm-store/v3",
    "virtualStoreDir": "/Users/xiaran/source/smarty-admin/node_modules/.pnpm"
  },
  "4 debug pnpm:stage": {
    "prefix": "/Users/xiaran/source/smarty-admin",
    "stage": "resolution_started"
  },
  "5 error pnpm": {
    "code": "ERR_PNPM_FETCH_404",
    "hint": "@smarty-admin/utils is not in the npm registry, or you have no permission to fetch it.\n\nNo authorization header was set for the request.",
    "request": {
      "url": "https://registry.npm.taobao.org/@smarty-admin%2Futils"
    },
    "response": {
      "size": 0
    },
    "pkgName": "@smarty-admin/utils",
    "pkgsStack": [],
    "err": {
      "name": "pnpm",
      "message": "GET https://registry.npm.taobao.org/@smarty-admin%2Futils: Not Found - 404",
      "code": "ERR_PNPM_FETCH_404",
      "stack": "pnpm: GET https://registry.npm.taobao.org/@smarty-admin%2Futils: Not Found - 404\n    at RetryOperation._fn (/usr/local/lib/node_modules/pnpm/dist/pnpm.cjs:85663:19)\n    at processTicksAndRejections (node:internal/process/task_queues:96:5)"
    }
  }
}